d:\project\code\cpp\design-mode\建造型设计模式\抽象工厂模式\project1\project1\x64\debug\vc143.pdb
d:\project\code\cpp\design-mode\建造型设计模式\抽象工厂模式\project1\project1\x64\debug\vc143.idb
d:\project\code\cpp\design-mode\建造型设计模式\抽象工厂模式\project1\project1\x64\debug\main.obj
d:\project\code\cpp\design-mode\建造型设计模式\抽象工厂模式\project1\project1\x64\debug\lateefactory.obj
d:\project\code\cpp\design-mode\建造型设计模式\抽象工厂模式\project1\project1\x64\debug\lateedesert.obj
d:\project\code\cpp\design-mode\建造型设计模式\抽象工厂模式\project1\project1\x64\debug\desert.obj
d:\project\code\cpp\design-mode\建造型设计模式\抽象工厂模式\project1\project1\x64\debug\coffeestore.obj
d:\project\code\cpp\design-mode\建造型设计模式\抽象工厂模式\project1\project1\x64\debug\coffee.obj
d:\project\code\cpp\design-mode\建造型设计模式\抽象工厂模式\project1\project1\x64\debug\americandesert.obj
d:\project\code\cpp\design-mode\建造型设计模式\抽象工厂模式\project1\project1\x64\debug\abstractfactory.obj
d:\project\code\cpp\design-mode\建造型设计模式\抽象工厂模式\project1\project1\x64\debug\americancoffee.obj
d:\project\code\cpp\design-mode\建造型设计模式\抽象工厂模式\project1\project1\x64\debug\project1.ilk
d:\project\code\cpp\design-mode\建造型设计模式\抽象工厂模式\project1\x64\debug\project1.exe
d:\project\code\cpp\design-mode\建造型设计模式\抽象工厂模式\project1\x64\debug\project1.pdb
d:\project\code\cpp\design-mode\建造型设计模式\抽象工厂模式\project1\project1\x64\debug\project1.tlog\cl.command.1.tlog
d:\project\code\cpp\design-mode\建造型设计模式\抽象工厂模式\project1\project1\x64\debug\project1.tlog\cl.read.1.tlog
d:\project\code\cpp\design-mode\建造型设计模式\抽象工厂模式\project1\project1\x64\debug\project1.tlog\cl.write.1.tlog
d:\project\code\cpp\design-mode\建造型设计模式\抽象工厂模式\project1\project1\x64\debug\project1.tlog\link.command.1.tlog
d:\project\code\cpp\design-mode\建造型设计模式\抽象工厂模式\project1\project1\x64\debug\project1.tlog\link.read.1.tlog
d:\project\code\cpp\design-mode\建造型设计模式\抽象工厂模式\project1\project1\x64\debug\project1.tlog\link.write.1.tlog
